<?xml version="1.0" encoding="UTF-8"?>
<testsuite xmlns:xsi="http://www.w3.org/2001/XMLSchema-instance" xsi:noNamespaceSchemaLocation="https://maven.apache.org/surefire/maven-surefire-plugin/xsd/surefire-test-report-3.0.xsd" version="3.0" name="org.spring.services.PlayerServiceIntegrationTest" time="3.117" tests="4" errors="0" skipped="0" failures="0">
  <properties>
[...]
</properties>
  <testcase name="testGetAllPlayers" classname="org.spring.services.PlayerServiceIntegrationTest" time="2.644">
    <system-out><![CDATA[2024-10-25 18:49:20 INFO  o.h.jpa.internal.util.LogHelper - HHH000204: Processing PersistenceUnitInfo [name: tournamentTest]
2024-10-25 18:49:20 INFO  org.hibernate.Version - HHH000412: Hibernate ORM core version 5.6.1.Final
2024-10-25 18:49:20 INFO  o.h.annotations.common.Version - HCANN000001: Hibernate Commons Annotations {5.1.2.Final}
2024-10-25 18:49:21 INFO  org.hibernate.dialect.Dialect - HHH000400: Using dialect: org.hibernate.dialect.H2Dialect
2024-10-25 18:49:21 INFO  o.h.validator.internal.util.Version - HV000001: Hibernate Validator 6.2.0.Final
Hibernate: drop table if exists game CASCADE 
Hibernate: drop table if exists player CASCADE 
Hibernate: drop table if exists team CASCADE 
Hibernate: drop table if exists tournament CASCADE 
Hibernate: drop table if exists tournament_team CASCADE 
Hibernate: create table game (id bigint generated by default as identity, avgMatchDuration double not null, difficulty varchar(255) not null, name varchar(255) not null, primary key (id))
Hibernate: create table player (id bigint generated by default as identity, age integer not null, pseudo varchar(255) not null, team_id bigint, primary key (id))
Hibernate: create table team (id bigint generated by default as identity, name varchar(255) not null, ranking integer, primary key (id))
Hibernate: create table tournament (id bigint generated by default as identity, break_time_between_matches double, ceremony_time double, end_date date, estimated_duration double, numSpectators integer not null, start_date date, status varchar(255), title varchar(255) not null, game_id bigint not null, primary key (id))
Hibernate: create table tournament_team (tournament_id bigint not null, team_id bigint not null, primary key (tournament_id, team_id))
Hibernate: alter table player add constraint FKdvd6ljes11r44igawmpm1mc5s foreign key (team_id) references team
Hibernate: alter table tournament add constraint FK5iaxeujiox85paiek0n3rh3k8 foreign key (game_id) references game
Hibernate: alter table tournament_team add constraint FKe2nr7bhms79ni7aa6jjdf3ioj foreign key (team_id) references team
Hibernate: alter table tournament_team add constraint FKnpt2r8h2uwq1j0iesu13so87p foreign key (tournament_id) references tournament
2024-10-25 18:49:22 INFO  o.h.e.t.j.p.i.JtaPlatformInitiator - HHH000490: Using JtaPlatform implementation: [org.hibernate.engine.transaction.jta.platform.internal.NoJtaPlatform]
2024-10-25 18:49:22 INFO  o.s.o.j.LocalContainerEntityManagerFactoryBean - Initialized JPA EntityManagerFactory for persistence unit 'tournamentTest'
2024-10-25 18:49:22 INFO  o.h.jpa.internal.util.LogHelper - HHH000204: Processing PersistenceUnitInfo [name: tournamentTest]
2024-10-25 18:49:22 WARN  o.hibernate.orm.connections.pooling - HHH10001002: Using Hibernate built-in connection pool (not for production use!)
2024-10-25 18:49:22 INFO  o.hibernate.orm.connections.pooling - HHH10001005: using driver [org.h2.Driver] at URL [jdbc:h2:mem:test;DB_CLOSE_DELAY=-1]
2024-10-25 18:49:22 INFO  o.hibernate.orm.connections.pooling - HHH10001001: Connection properties: {user=sa, password=****}
2024-10-25 18:49:22 INFO  o.hibernate.orm.connections.pooling - HHH10001003: Autocommit mode: false
2024-10-25 18:49:22 INFO  o.h.e.j.c.i.DriverManagerConnectionProviderImpl - HHH000115: Hibernate connection pool size: 20 (min=1)
2024-10-25 18:49:22 INFO  org.hibernate.dialect.Dialect - HHH000400: Using dialect: org.hibernate.dialect.H2Dialect
Hibernate: drop table if exists game CASCADE 
2024-10-25 18:49:22 INFO  o.hibernate.orm.connections.access - HHH10001501: Connection obtained from JdbcConnectionAccess [org.hibernate.engine.jdbc.env.internal.JdbcEnvironmentInitiator$ConnectionProviderJdbcConnectionAccess@217fe2b9] for (non-JTA) DDL execution was not in auto-commit mode; the Connection 'local transaction' will be committed and the Connection will be set into auto-commit mode.
Hibernate: drop table if exists player CASCADE 
Hibernate: drop table if exists team CASCADE 
Hibernate: drop table if exists tournament CASCADE 
Hibernate: drop table if exists tournament_team CASCADE 
Hibernate: create table game (id bigint generated by default as identity, avgMatchDuration double not null, difficulty varchar(255) not null, name varchar(255) not null, primary key (id))
2024-10-25 18:49:22 INFO  o.hibernate.orm.connections.access - HHH10001501: Connection obtained from JdbcConnectionAccess [org.hibernate.engine.jdbc.env.internal.JdbcEnvironmentInitiator$ConnectionProviderJdbcConnectionAccess@960041d] for (non-JTA) DDL execution was not in auto-commit mode; the Connection 'local transaction' will be committed and the Connection will be set into auto-commit mode.
Hibernate: create table player (id bigint generated by default as identity, age integer not null, pseudo varchar(255) not null, team_id bigint, primary key (id))
Hibernate: create table team (id bigint generated by default as identity, name varchar(255) not null, ranking integer, primary key (id))
Hibernate: create table tournament (id bigint generated by default as identity, break_time_between_matches double, ceremony_time double, end_date date, estimated_duration double, numSpectators integer not null, start_date date, status varchar(255), title varchar(255) not null, game_id bigint not null, primary key (id))
Hibernate: create table tournament_team (tournament_id bigint not null, team_id bigint not null, primary key (tournament_id, team_id))
Hibernate: alter table player add constraint FKdvd6ljes11r44igawmpm1mc5s foreign key (team_id) references team
Hibernate: alter table tournament add constraint FK5iaxeujiox85paiek0n3rh3k8 foreign key (game_id) references game
Hibernate: alter table tournament_team add constraint FKe2nr7bhms79ni7aa6jjdf3ioj foreign key (team_id) references team
Hibernate: alter table tournament_team add constraint FKnpt2r8h2uwq1j0iesu13so87p foreign key (tournament_id) references tournament
2024-10-25 18:49:22 INFO  o.h.e.t.j.p.i.JtaPlatformInitiator - HHH000490: Using JtaPlatform implementation: [org.hibernate.engine.transaction.jta.platform.internal.NoJtaPlatform]
Hibernate: select player0_.id as id1_1_, player0_.age as age2_1_, player0_.pseudo as pseudo3_1_, player0_.team_id as team_id4_1_ from player player0_
Hibernate: insert into player (id, age, pseudo, team_id) values (null, ?, ?, ?)
Hibernate: insert into player (id, age, pseudo, team_id) values (null, ?, ?, ?)
Hibernate: select player0_.id as id1_1_, player0_.age as age2_1_, player0_.pseudo as pseudo3_1_, player0_.team_id as team_id4_1_ from player player0_
Hibernate: select player0_.id as id1_1_, player0_.age as age2_1_, player0_.pseudo as pseudo3_1_, player0_.team_id as team_id4_1_ from player player0_
Hibernate: delete from player where id=?
Hibernate: delete from player where id=?
]]></system-out>
  </testcase>
  <testcase name="testUpdatePlayer" classname="org.spring.services.PlayerServiceIntegrationTest" time="0.185">
    <system-out><![CDATA[2024-10-25 18:49:22 INFO  o.h.jpa.internal.util.LogHelper - HHH000204: Processing PersistenceUnitInfo [name: tournamentTest]
2024-10-25 18:49:22 INFO  org.hibernate.dialect.Dialect - HHH000400: Using dialect: org.hibernate.dialect.H2Dialect
Hibernate: drop table if exists game CASCADE 
Hibernate: drop table if exists player CASCADE 
Hibernate: drop table if exists team CASCADE 
Hibernate: drop table if exists tournament CASCADE 
Hibernate: drop table if exists tournament_team CASCADE 
Hibernate: create table game (id bigint generated by default as identity, avgMatchDuration double not null, difficulty varchar(255) not null, name varchar(255) not null, primary key (id))
Hibernate: create table player (id bigint generated by default as identity, age integer not null, pseudo varchar(255) not null, team_id bigint, primary key (id))
Hibernate: create table team (id bigint generated by default as identity, name varchar(255) not null, ranking integer, primary key (id))
Hibernate: create table tournament (id bigint generated by default as identity, break_time_between_matches double, ceremony_time double, end_date date, estimated_duration double, numSpectators integer not null, start_date date, status varchar(255), title varchar(255) not null, game_id bigint not null, primary key (id))
Hibernate: create table tournament_team (tournament_id bigint not null, team_id bigint not null, primary key (tournament_id, team_id))
Hibernate: alter table player add constraint FKdvd6ljes11r44igawmpm1mc5s foreign key (team_id) references team
Hibernate: alter table tournament add constraint FK5iaxeujiox85paiek0n3rh3k8 foreign key (game_id) references game
Hibernate: alter table tournament_team add constraint FKe2nr7bhms79ni7aa6jjdf3ioj foreign key (team_id) references team
Hibernate: alter table tournament_team add constraint FKnpt2r8h2uwq1j0iesu13so87p foreign key (tournament_id) references tournament
2024-10-25 18:49:22 INFO  o.h.e.t.j.p.i.JtaPlatformInitiator - HHH000490: Using JtaPlatform implementation: [org.hibernate.engine.transaction.jta.platform.internal.NoJtaPlatform]
2024-10-25 18:49:22 INFO  o.s.o.j.LocalContainerEntityManagerFactoryBean - Initialized JPA EntityManagerFactory for persistence unit 'tournamentTest'
Hibernate: select player0_.id as id1_1_, player0_.age as age2_1_, player0_.pseudo as pseudo3_1_, player0_.team_id as team_id4_1_ from player player0_
Hibernate: insert into player (id, age, pseudo, team_id) values (null, ?, ?, ?)
Hibernate: update player set age=?, pseudo=?, team_id=? where id=?
Hibernate: select player0_.id as id1_1_, player0_.age as age2_1_, player0_.pseudo as pseudo3_1_, player0_.team_id as team_id4_1_ from player player0_
Hibernate: delete from player where id=?
]]></system-out>
  </testcase>
  <testcase name="testDeletePlayer" classname="org.spring.services.PlayerServiceIntegrationTest" time="0.157">
    <system-out><![CDATA[2024-10-25 18:49:22 INFO  o.h.jpa.internal.util.LogHelper - HHH000204: Processing PersistenceUnitInfo [name: tournamentTest]
2024-10-25 18:49:22 INFO  org.hibernate.dialect.Dialect - HHH000400: Using dialect: org.hibernate.dialect.H2Dialect
Hibernate: drop table if exists game CASCADE 
Hibernate: drop table if exists player CASCADE 
Hibernate: drop table if exists team CASCADE 
Hibernate: drop table if exists tournament CASCADE 
Hibernate: drop table if exists tournament_team CASCADE 
Hibernate: create table game (id bigint generated by default as identity, avgMatchDuration double not null, difficulty varchar(255) not null, name varchar(255) not null, primary key (id))
Hibernate: create table player (id bigint generated by default as identity, age integer not null, pseudo varchar(255) not null, team_id bigint, primary key (id))
Hibernate: create table team (id bigint generated by default as identity, name varchar(255) not null, ranking integer, primary key (id))
Hibernate: create table tournament (id bigint generated by default as identity, break_time_between_matches double, ceremony_time double, end_date date, estimated_duration double, numSpectators integer not null, start_date date, status varchar(255), title varchar(255) not null, game_id bigint not null, primary key (id))
Hibernate: create table tournament_team (tournament_id bigint not null, team_id bigint not null, primary key (tournament_id, team_id))
Hibernate: alter table player add constraint FKdvd6ljes11r44igawmpm1mc5s foreign key (team_id) references team
Hibernate: alter table tournament add constraint FK5iaxeujiox85paiek0n3rh3k8 foreign key (game_id) references game
Hibernate: alter table tournament_team add constraint FKe2nr7bhms79ni7aa6jjdf3ioj foreign key (team_id) references team
Hibernate: alter table tournament_team add constraint FKnpt2r8h2uwq1j0iesu13so87p foreign key (tournament_id) references tournament
2024-10-25 18:49:22 INFO  o.h.e.t.j.p.i.JtaPlatformInitiator - HHH000490: Using JtaPlatform implementation: [org.hibernate.engine.transaction.jta.platform.internal.NoJtaPlatform]
2024-10-25 18:49:22 INFO  o.s.o.j.LocalContainerEntityManagerFactoryBean - Initialized JPA EntityManagerFactory for persistence unit 'tournamentTest'
Hibernate: select player0_.id as id1_1_, player0_.age as age2_1_, player0_.pseudo as pseudo3_1_, player0_.team_id as team_id4_1_ from player player0_
Hibernate: insert into player (id, age, pseudo, team_id) values (null, ?, ?, ?)
Hibernate: delete from player where id=?
Hibernate: select player0_.id as id1_1_0_, player0_.age as age2_1_0_, player0_.pseudo as pseudo3_1_0_, player0_.team_id as team_id4_1_0_, team1_.id as id1_2_1_, team1_.name as name2_2_1_, team1_.ranking as ranking3_2_1_, tournament2_.team_id as team_id2_4_2_, tournament3_.id as tourname1_4_2_, tournament3_.id as id1_3_3_, tournament3_.break_time_between_matches as break_ti2_3_3_, tournament3_.ceremony_time as ceremony3_3_3_, tournament3_.end_date as end_date4_3_3_, tournament3_.estimated_duration as estimate5_3_3_, tournament3_.game_id as game_id10_3_3_, tournament3_.numSpectators as numspect6_3_3_, tournament3_.start_date as start_da7_3_3_, tournament3_.status as status8_3_3_, tournament3_.title as title9_3_3_, game4_.id as id1_0_4_, game4_.avgMatchDuration as avgmatch2_0_4_, game4_.difficulty as difficul3_0_4_, game4_.name as name4_0_4_ from player player0_ left outer join team team1_ on player0_.team_id=team1_.id left outer join tournament_team tournament2_ on team1_.id=tournament2_.team_id left outer join tournament tournament3_ on tournament2_.tournament_id=tournament3_.id left outer join game game4_ on tournament3_.game_id=game4_.id where player0_.id=?
Hibernate: select player0_.id as id1_1_, player0_.age as age2_1_, player0_.pseudo as pseudo3_1_, player0_.team_id as team_id4_1_ from player player0_
]]></system-out>
  </testcase>
  <testcase name="testAddAndGetPlayer" classname="org.spring.services.PlayerServiceIntegrationTest" time="0.124">
    <system-out><![CDATA[2024-10-25 18:49:22 INFO  o.h.jpa.internal.util.LogHelper - HHH000204: Processing PersistenceUnitInfo [name: tournamentTest]
2024-10-25 18:49:22 INFO  org.hibernate.dialect.Dialect - HHH000400: Using dialect: org.hibernate.dialect.H2Dialect
Hibernate: drop table if exists game CASCADE 
Hibernate: drop table if exists player CASCADE 
Hibernate: drop table if exists team CASCADE 
Hibernate: drop table if exists tournament CASCADE 
Hibernate: drop table if exists tournament_team CASCADE 
Hibernate: create table game (id bigint generated by default as identity, avgMatchDuration double not null, difficulty varchar(255) not null, name varchar(255) not null, primary key (id))
Hibernate: create table player (id bigint generated by default as identity, age integer not null, pseudo varchar(255) not null, team_id bigint, primary key (id))
Hibernate: create table team (id bigint generated by default as identity, name varchar(255) not null, ranking integer, primary key (id))
Hibernate: create table tournament (id bigint generated by default as identity, break_time_between_matches double, ceremony_time double, end_date date, estimated_duration double, numSpectators integer not null, start_date date, status varchar(255), title varchar(255) not null, game_id bigint not null, primary key (id))
Hibernate: create table tournament_team (tournament_id bigint not null, team_id bigint not null, primary key (tournament_id, team_id))
Hibernate: alter table player add constraint FKdvd6ljes11r44igawmpm1mc5s foreign key (team_id) references team
Hibernate: alter table tournament add constraint FK5iaxeujiox85paiek0n3rh3k8 foreign key (game_id) references game
Hibernate: alter table tournament_team add constraint FKe2nr7bhms79ni7aa6jjdf3ioj foreign key (team_id) references team
Hibernate: alter table tournament_team add constraint FKnpt2r8h2uwq1j0iesu13so87p foreign key (tournament_id) references tournament
2024-10-25 18:49:22 INFO  o.h.e.t.j.p.i.JtaPlatformInitiator - HHH000490: Using JtaPlatform implementation: [org.hibernate.engine.transaction.jta.platform.internal.NoJtaPlatform]
2024-10-25 18:49:22 INFO  o.s.o.j.LocalContainerEntityManagerFactoryBean - Initialized JPA EntityManagerFactory for persistence unit 'tournamentTest'
Hibernate: select player0_.id as id1_1_, player0_.age as age2_1_, player0_.pseudo as pseudo3_1_, player0_.team_id as team_id4_1_ from player player0_
Hibernate: insert into player (id, age, pseudo, team_id) values (null, ?, ?, ?)
Hibernate: select player0_.id as id1_1_, player0_.age as age2_1_, player0_.pseudo as pseudo3_1_, player0_.team_id as team_id4_1_ from player player0_
Hibernate: delete from player where id=?
]]></system-out>
  </testcase>
</testsuite>