<?xml version="1.0" encoding="UTF-8"?>
<testsuite xmlns:xsi="http://www.w3.org/2001/XMLSchema-instance" xsi:noNamespaceSchemaLocation="https://maven.apache.org/surefire/maven-surefire-plugin/xsd/surefire-test-report-3.0.xsd" version="3.0" name="org.spring.services.TeamServiceImplTest" time="0.025" tests="5" errors="0" skipped="0" failures="0">
  <properties>
[...]
</properties>
  <testcase name="testAddTeam" classname="org.spring.services.TeamServiceImplTest" time="0.017"/>
  <testcase name="testGetAllTeams" classname="org.spring.services.TeamServiceImplTest" time="0.001"/>
  <testcase name="testUpdateTeam" classname="org.spring.services.TeamServiceImplTest" time="0.001"/>
  <testcase name="testGetTeamById" classname="org.spring.services.TeamServiceImplTest" time="0.001"/>
  <testcase name="testDeleteTeam" classname="org.spring.services.TeamServiceImplTest" time="0.001"/>
</testsuite>